<?xml version="1.0" encoding="UTF-8"?>
<testsuite xmlns:xsi="http://www.w3.org/2001/XMLSchema-instance" xsi:noNamespaceSchemaLocation="https://maven.apache.org/surefire/maven-surefire-plugin/xsd/surefire-test-report.xsd" version="3.0.2" name="com.hsf302.bookingtour.ShopDieudaoApplicationTests" time="2.283" tests="1" errors="0" skipped="0" failures="0" flakes="0">
  <properties>
[...]
</properties>
  <testcase name="contextLoads" classname="com.hsf302.bookingtour.ShopDieudaoApplicationTests" time="0.46">
    <system-out><![CDATA[01:40:09.477 [main] INFO org.springframework.test.context.support.AnnotationConfigContextLoaderUtils -- Could not detect default configuration classes for test class [com.hsf302.bookingtour.ShopDieudaoApplicationTests]: ShopDieudaoApplicationTests does not declare any static, non-private, non-final, nested classes annotated with @Configuration.
01:40:09.579 [main] INFO org.springframework.boot.test.context.SpringBootTestContextBootstrapper -- Found @SpringBootConfiguration com.hsf302.bookingtour.ShopDieudaoApplication for test class com.hsf302.bookingtour.ShopDieudaoApplicationTests
01:40:09.658 [main] INFO org.springframework.test.context.support.AnnotationConfigContextLoaderUtils -- Could not detect default configuration classes for test class [com.hsf302.bookingtour.ShopDieudaoApplicationTests]: ShopDieudaoApplicationTests does not declare any static, non-private, non-final, nested classes annotated with @Configuration.
01:40:09.659 [main] INFO org.springframework.boot.test.context.SpringBootTestContextBootstrapper -- Found @SpringBootConfiguration com.hsf302.bookingtour.ShopDieudaoApplication for test class com.hsf302.bookingtour.ShopDieudaoApplicationTests
01:40:09.715 [main] INFO org.springframework.boot.devtools.restart.RestartApplicationListener -- Restart disabled due to context in which it is running

  .   ____          _            __ _ _
 /\\ / ___'_ __ _ _(_)_ __  __ _ \ \ \ \
( ( )\___ | '_ | '_| | '_ \/ _` | \ \ \ \
 \\/  ___)| |_)| | | | | || (_| |  ) ) ) )
  '  |____| .__|_| |_|_| |_\__, | / / / /
 =========|_|==============|___/=/_/_/_/

 :: Spring Boot ::                (v4.1.0)

2026-07-24T01:40:09.909+07:00  INFO 15308 --- [shop-dieudao] [           main] c.h.b.ShopDieudaoApplicationTests        : Starting ShopDieudaoApplicationTests using Java 25 with PID 15308 (started by admin in C:\Users\admin\Downloads\HSF302-Group1-main\HSF302-Group1-main)
2026-07-24T01:40:09.911+07:00  INFO 15308 --- [shop-dieudao] [           main] c.h.b.ShopDieudaoApplicationTests        : No active profile set, falling back to 1 default profile: "default"
2026-07-24T01:40:10.714+07:00  INFO 15308 --- [shop-dieudao] [           main] o.s.b.w.a.WelcomePageHandlerMapping      : Adding welcome page template: index
2026-07-24T01:40:11.122+07:00  INFO 15308 --- [shop-dieudao] [           main] c.h.b.ShopDieudaoApplicationTests        : Started ShopDieudaoApplicationTests in 1.416 seconds (process running for 2.308)
2026-07-24T01:40:11.135+07:00  WARN 15308 --- [shop-dieudao] [           main] o.s.core.events.SpringDocAppInitializer  : SpringDoc /v3/api-docs endpoint is enabled by default. To disable it in production, set the property 'springdoc.api-docs.enabled=false'
2026-07-24T01:40:11.136+07:00  WARN 15308 --- [shop-dieudao] [           main] o.s.core.events.SpringDocAppInitializer  : SpringDoc /swagger-ui.html endpoint is enabled by default. To disable it in production, set the property 'springdoc.swagger-ui.enabled=false'
]]></system-out>
    <system-err><![CDATA[Mockito is currently self-attaching to enable the inline-mock-maker. This will no longer work in future releases of the JDK. Please add Mockito as an agent to your build as described in Mockito's documentation: https://javadoc.io/doc/org.mockito/mockito-core/latest/org.mockito/org/mockito/Mockito.html#0.3
WARNING: A Java agent has been loaded dynamically (C:\Users\admin\.m2\repository\net\bytebuddy\byte-buddy-agent\1.18.10\byte-buddy-agent-1.18.10.jar)
WARNING: If a serviceability tool is in use, please run with -XX:+EnableDynamicAgentLoading to hide this warning
WARNING: If a serviceability tool is not in use, please run with -Djdk.instrument.traceUsage for more information
WARNING: Dynamic loading of agents will be disallowed by default in a future release
]]></system-err>
  </testcase>
</testsuite>